<?xml version="1.0" encoding="UTF-8"?>
<testsuite xmlns:xsi="http://www.w3.org/2001/XMLSchema-instance" xsi:noNamespaceSchemaLocation="https://maven.apache.org/surefire/maven-surefire-plugin/xsd/surefire-test-report-3.0.xsd" version="3.0" name="com.revature.passwordmanager.SecurityQuestionIntegrationTest" time="6.735" tests="1" errors="0" skipped="0" failures="0">
  <properties>
[...]
</properties>
  <testcase name="testGetSecurityQuestions" classname="com.revature.passwordmanager.SecurityQuestionIntegrationTest" time="0.632">
    <system-out><![CDATA[2026-03-06T04:44:02.732+05:30  INFO 32332 --- [           main] t.c.s.AnnotationConfigContextLoaderUtils : Could not detect default configuration classes for test class [com.revature.passwordmanager.SecurityQuestionIntegrationTest]: SecurityQuestionIntegrationTest does not declare any static, non-private, non-final, nested classes annotated with @Configuration.
2026-03-06T04:44:02.739+05:30  INFO 32332 --- [           main] .b.t.c.SpringBootTestContextBootstrapper : Found @SpringBootConfiguration com.revature.passwordmanager.PasswordManagerApplication for test class com.revature.passwordmanager.SecurityQuestionIntegrationTest
2026-03-06T04:44:02.746+05:30  INFO 32332 --- [           main] o.s.b.d.r.RestartApplicationListener     : Restart disabled due to context in which it is running

  .   ____          _            __ _ _
 /\\ / ___'_ __ _ _(_)_ __  __ _ \ \ \ \
( ( )\___ | '_ | '_| | '_ \/ _` | \ \ \ \
 \\/  ___)| |_)| | | | | || (_| |  ) ) ) )
  '  |____| .__|_| |_|_| |_\__, | / / / /
 =========|_|==============|___/=/_/_/_/
 :: Spring Boot ::                (v3.2.3)

2026-03-06T04:44:02.790+05:30  INFO 32332 --- [           main] c.r.p.SecurityQuestionIntegrationTest    : Starting SecurityQuestionIntegrationTest using Java 21.0.9 with PID 32332 (started by mulac in C:\Users\mulac\Downloads\Rev-PasswordManager\Rev-PasswordManager\Rev-PasswordManager)
2026-03-06T04:44:02.792+05:30  INFO 32332 --- [           main] c.r.p.SecurityQuestionIntegrationTest    : No active profile set, falling back to 1 default profile: "default"
2026-03-06T04:44:03.785+05:30  INFO 32332 --- [           main] .s.d.r.c.RepositoryConfigurationDelegate : Bootstrapping Spring Data JPA repositories in DEFAULT mode.
2026-03-06T04:44:03.869+05:30  INFO 32332 --- [           main] .s.d.r.c.RepositoryConfigurationDelegate : Finished Spring Data repository scanning in 83 ms. Found 20 JPA repository interfaces.
2026-03-06T04:44:03.954+05:30  INFO 32332 --- [           main] beddedDataSourceBeanFactoryPostProcessor : Replacing 'dataSource' DataSource bean with embedded version
2026-03-06T04:44:04.178+05:30  INFO 32332 --- [           main] o.s.j.d.e.EmbeddedDatabaseFactory        : Starting embedded database: url='jdbc:h2:mem:2ace934e-c86f-4492-b3d2-fb7200d95cbd;DB_CLOSE_DELAY=-1;DB_CLOSE_ON_EXIT=false', username='sa'
2026-03-06T04:44:04.328+05:30  INFO 32332 --- [           main] o.hibernate.jpa.internal.util.LogHelper  : HHH000204: Processing PersistenceUnitInfo [name: default]
2026-03-06T04:44:04.334+05:30  INFO 32332 --- [           main] o.h.c.internal.RegionFactoryInitiator    : HHH000026: Second-level cache disabled
2026-03-06T04:44:04.347+05:30  INFO 32332 --- [           main] o.s.o.j.p.SpringPersistenceUnitInfo      : No LoadTimeWeaver setup: ignoring JPA class transformer
2026-03-06T04:44:04.351+05:30  WARN 32332 --- [           main] org.hibernate.orm.deprecation            : HHH90000025: H2Dialect does not need to be specified explicitly using 'hibernate.dialect' (remove the property setting and it will be selected by default)
2026-03-06T04:44:05.153+05:30  INFO 32332 --- [           main] o.h.e.t.j.p.i.JtaPlatformInitiator       : HHH000489: No JTA platform available (set 'hibernate.transaction.jta.platform' to enable JTA platform integration)
2026-03-06T04:44:05.154+05:30 DEBUG 32332 --- [           main] org.hibernate.SQL                        : drop table if exists audit_logs cascade 
2026-03-06T04:44:05.155+05:30 DEBUG 32332 --- [           main] org.hibernate.SQL                        : drop table if exists backup_codes cascade 
2026-03-06T04:44:05.156+05:30 DEBUG 32332 --- [           main] org.hibernate.SQL                        : drop table if exists backup_exports cascade 
2026-03-06T04:44:05.156+05:30 DEBUG 32332 --- [           main] org.hibernate.SQL                        : drop table if exists categories cascade 
2026-03-06T04:44:05.157+05:30 DEBUG 32332 --- [           main] org.hibernate.SQL                        : drop table if exists folders cascade 
2026-03-06T04:44:05.157+05:30 DEBUG 32332 --- [           main] org.hibernate.SQL                        : drop table if exists login_attempts cascade 
2026-03-06T04:44:05.158+05:30 DEBUG 32332 --- [           main] org.hibernate.SQL                        : drop table if exists notifications cascade 
2026-03-06T04:44:05.158+05:30 DEBUG 32332 --- [           main] org.hibernate.SQL                        : drop table if exists otp_tokens cascade 
2026-03-06T04:44:05.158+05:30 DEBUG 32332 --- [           main] org.hibernate.SQL                        : drop table if exists password_analysis cascade 
2026-03-06T04:44:05.158+05:30 DEBUG 32332 --- [           main] org.hibernate.SQL                        : drop table if exists recovery_codes cascade 
2026-03-06T04:44:05.158+05:30 DEBUG 32332 --- [           main] org.hibernate.SQL                        : drop table if exists secure_shares cascade 
2026-03-06T04:44:05.158+05:30 DEBUG 32332 --- [           main] org.hibernate.SQL                        : drop table if exists security_alerts cascade 
2026-03-06T04:44:05.159+05:30 DEBUG 32332 --- [           main] org.hibernate.SQL                        : drop table if exists security_metrics_history cascade 
2026-03-06T04:44:05.160+05:30 DEBUG 32332 --- [           main] org.hibernate.SQL                        : drop table if exists security_questions cascade 
2026-03-06T04:44:05.160+05:30 DEBUG 32332 --- [           main] org.hibernate.SQL                        : drop table if exists two_factor_auth cascade 
2026-03-06T04:44:05.161+05:30 DEBUG 32332 --- [           main] org.hibernate.SQL                        : drop table if exists user_sessions cascade 
2026-03-06T04:44:05.161+05:30 DEBUG 32332 --- [           main] org.hibernate.SQL                        : drop table if exists user_settings cascade 
2026-03-06T04:44:05.161+05:30 DEBUG 32332 --- [           main] org.hibernate.SQL                        : drop table if exists users cascade 
2026-03-06T04:44:05.161+05:30 DEBUG 32332 --- [           main] org.hibernate.SQL                        : drop table if exists vault_entries cascade 
2026-03-06T04:44:05.162+05:30 DEBUG 32332 --- [           main] org.hibernate.SQL                        : drop table if exists vault_snapshots cascade 
2026-03-06T04:44:05.162+05:30 DEBUG 32332 --- [           main] org.hibernate.SQL                        : create table audit_logs (id bigint generated by default as identity, timestamp timestamp(6) not null, user_id bigint not null, ip_address varchar(45), action VARCHAR(50) not null check (action in ('LOGIN','LOGIN_FAILED','LOGOUT','ENTRY_CREATED','ENTRY_UPDATED','ENTRY_DELETED','PASSWORD_VIEWED','ENTRY_RESTORED','VAULT_EXPORTED','DASHBOARD_VIEWED','BREACH_SCAN_RUN','BREACH_DETECTED','BREACH_RESOLVED','SHARE_CREATED','SHARE_ACCESSED','SHARE_REVOKED','TIMELINE_VIEWED')), details varchar(500), primary key (id))
2026-03-06T04:44:05.166+05:30 DEBUG 32332 --- [           main] org.hibernate.SQL                        : create table backup_codes (two_factor_auth_id bigint not null, code varchar(255))
2026-03-06T04:44:05.170+05:30 DEBUG 32332 --- [           main] org.hibernate.SQL                        : create table backup_exports (entry_count integer, is_encrypted boolean, created_at timestamp(6) not null, id bigint generated by default as identity, user_id bigint not null, export_format varchar(20) not null check (export_format in ('JSON','CSV','XML')), file_name varchar(200) not null, primary key (id))
2026-03-06T04:44:05.172+05:30 DEBUG 32332 --- [           main] org.hibernate.SQL                        : create table categories (is_default boolean, created_at timestamp(6), id bigint generated by default as identity, user_id bigint, icon varchar(50), name varchar(100) not null, primary key (id))
2026-03-06T04:44:05.174+05:30 DEBUG 32332 --- [           main] org.hibernate.SQL                        : create table folders (created_at timestamp(6), id bigint generated by default as identity, parent_folder_id bigint, updated_at timestamp(6), user_id bigint not null, name varchar(255) not null, primary key (id))
2026-03-06T04:44:05.177+05:30 DEBUG 32332 --- [           main] org.hibernate.SQL                        : create table login_attempts (risk_score integer, successful boolean not null, id bigint generated by default as identity, timestamp timestamp(6) not null, user_id bigint, ip_address varchar(45), failure_reason varchar(200), location varchar(200), device_info varchar(500), username_attempted varchar(255) not null, primary key (id))
2026-03-06T04:44:05.179+05:30 DEBUG 32332 --- [           main] org.hibernate.SQL                        : create table notifications (is_read boolean, created_at timestamp(6) not null, id bigint generated by default as identity, user_id bigint not null, notification_type varchar(50) not null check (notification_type in ('PASSWORD_EXPIRY','SECURITY_ALERT','BACKUP_REMINDER','SYSTEM_UPDATE','BREACH_DETECTED','ACCOUNT_ACTIVITY')), title varchar(200) not null, message varchar(1000) not null, primary key (id))
2026-03-06T04:44:05.183+05:30 DEBUG 32332 --- [           main] org.hibernate.SQL                        : create table otp_tokens (is_used boolean not null, expiry_date timestamp(6) not null, id bigint generated by default as identity, user_id bigint not null, token varchar(255) not null, token_type varchar(255), primary key (id))
2026-03-06T04:44:05.185+05:30 DEBUG 32332 --- [           main] org.hibernate.SQL                        : create table password_analysis (is_reused boolean, strength_score integer, id bigint generated by default as identity, last_analyzed timestamp(6) not null, vault_entry_id bigint not null unique, issues varchar(1000), primary key (id))
2026-03-06T04:44:05.189+05:30 DEBUG 32332 --- [           main] org.hibernate.SQL                        : create table recovery_codes (is_used boolean not null, created_at timestamp(6) not null, id bigint generated by default as identity, user_id bigint not null, code_hash varchar(255) not null, primary key (id))
2026-03-06T04:44:05.192+05:30 DEBUG 32332 --- [           main] org.hibernate.SQL                        : create table secure_shares (is_revoked boolean not null, max_views integer not null, view_count integer not null, created_at timestamp(6), expires_at timestamp(6) not null, id bigint generated by default as identity, owner_id bigint not null, vault_entry_id bigint not null, permission varchar(30) not null check (permission in ('VIEW_ONCE','VIEW_MULTIPLE','TEMPORARY_ACCESS')), encrypted_password TEXT not null, encryption_iv varchar(255), recipient_email varchar(255), share_token varchar(255) not null unique, primary key (id))
2026-03-06T04:44:05.197+05:30 DEBUG 32332 --- [           main] org.hibernate.SQL                        : create table security_alerts (is_read boolean, created_at timestamp(6) not null, id bigint generated by default as identity, user_id bigint not null, severity varchar(20) not null check (severity in ('LOW','MEDIUM','HIGH','CRITICAL')), alert_type varchar(50) not null check (alert_type in ('NEW_DEVICE_LOGIN','NEW_LOCATION_LOGIN','MULTIPLE_FAILED_LOGINS','PASSWORD_CHANGED','TWO_FA_ENABLED','TWO_FA_DISABLED','ACCOUNT_LOCKED','SENSITIVE_ACCESS','PASSWORD_BREACHED','BREACH_SCAN_COMPLETE')), title varchar(200) not null, message varchar(1000) not null, primary key (id))
2026-03-06T04:44:05.203+05:30 DEBUG 32332 --- [           main] org.hibernate.SQL                        : create table security_metrics_history (fair_passwords_count integer, old_passwords_count integer, overall_score integer, reused_passwords_count integer, strong_passwords_count integer, total_passwords_count integer, weak_passwords_count integer, id bigint generated by default as identity, recorded_at timestamp(6), user_id bigint not null, primary key (id))
2026-03-06T04:44:05.206+05:30 DEBUG 32332 --- [           main] org.hibernate.SQL                        : create table security_questions (id bigint generated by default as identity, user_id bigint not null, answer_hash varchar(255) not null, question_text varchar(255) not null, primary key (id))
2026-03-06T04:44:05.210+05:30 DEBUG 32332 --- [           main] org.hibernate.SQL                        : create table two_factor_auth (is_enabled boolean not null, created_at timestamp(6) not null, id bigint generated by default as identity, updated_at timestamp(6), user_id bigint not null unique, secret_key varchar(255) not null, primary key (id))
2026-03-06T04:44:05.219+05:30 DEBUG 32332 --- [           main] org.hibernate.SQL                        : create table user_sessions (is_active boolean, created_at timestamp(6), expires_at timestamp(6), id bigint generated by default as identity, last_accessed_at timestamp(6), user_id bigint not null, token varchar(2048) not null unique, device_fingerprint varchar(255), device_info varchar(255), ip_address varchar(255), location varchar(255), primary key (id))
2026-03-06T04:44:05.227+05:30 DEBUG 32332 --- [           main] org.hibernate.SQL                        : create table user_settings (auto_logout_minutes integer, read_only_mode boolean, created_at timestamp(6), id bigint generated by default as identity, updated_at timestamp(6), user_id bigint not null unique, language varchar(10), theme varchar(20), primary key (id))
2026-03-06T04:44:05.231+05:30 DEBUG 32332 --- [           main] org.hibernate.SQL                        : create table users (email_verified boolean, failed_login_attempts integer, is_2fa_enabled boolean, lockout_count integer, created_at timestamp(6), deletion_requested_at timestamp(6), deletion_scheduled_at timestamp(6), id bigint generated by default as identity, locked_until timestamp(6), updated_at timestamp(6), password_hint varchar(500), duress_password_hash varchar(255), email varchar(255) not null unique, master_password_hash varchar(255) not null, name varchar(255), phone_number varchar(255), salt varchar(255) not null, username varchar(255) not null unique, primary key (id))
2026-03-06T04:44:05.235+05:30 DEBUG 32332 --- [           main] org.hibernate.SQL                        : create table vault_entries (is_deleted boolean, is_favorite boolean, is_highly_sensitive boolean, category_id bigint, created_at timestamp(6), deleted_at timestamp(6), folder_id bigint, id bigint generated by default as identity, updated_at timestamp(6), user_id bigint not null, encrypted_password varchar(1000) not null, notes varchar(2000), account_name varchar(255) not null, username varchar(255) not null, website_url varchar(255), primary key (id))
2026-03-06T04:44:05.238+05:30 DEBUG 32332 --- [           main] org.hibernate.SQL                        : create table vault_snapshots (changed_at timestamp(6) not null, id bigint generated by default as identity, vault_entry_id bigint not null, password varchar(1000) not null, primary key (id))
2026-03-06T04:44:05.240+05:30 DEBUG 32332 --- [           main] org.hibernate.SQL                        : alter table if exists audit_logs add constraint FKjs4iimve3y0xssbtve5ysyef0 foreign key (user_id) references users
2026-03-06T04:44:05.244+05:30 DEBUG 32332 --- [           main] org.hibernate.SQL                        : alter table if exists backup_codes add constraint FK160bkk8n4dor9g4ev8bg6kw5m foreign key (two_factor_auth_id) references two_factor_auth
2026-03-06T04:44:05.248+05:30 DEBUG 32332 --- [           main] org.hibernate.SQL                        : alter table if exists backup_exports add constraint FKg9c5lo4u8d24kqa3hrq9kv20s foreign key (user_id) references users
2026-03-06T04:44:05.253+05:30 DEBUG 32332 --- [           main] org.hibernate.SQL                        : alter table if exists categories add constraint FKghuylkwuedgl2qahxjt8g41kb foreign key (user_id) references users
2026-03-06T04:44:05.255+05:30 DEBUG 32332 --- [           main] org.hibernate.SQL                        : alter table if exists folders add constraint FKiohfylsa0e068vfrh56nwqv5w foreign key (parent_folder_id) references folders
2026-03-06T04:44:05.258+05:30 DEBUG 32332 --- [           main] org.hibernate.SQL                        : alter table if exists folders add constraint FKc2qooq7m62v6o0c8ptaj3x4cj foreign key (user_id) references users
2026-03-06T04:44:05.262+05:30 DEBUG 32332 --- [           main] org.hibernate.SQL                        : alter table if exists login_attempts add constraint FKtg9vhke4mlf5vij2rcvfk2dg2 foreign key (user_id) references users
2026-03-06T04:44:05.265+05:30 DEBUG 32332 --- [           main] org.hibernate.SQL                        : alter table if exists notifications add constraint FK9y21adhxn0ayjhfocscqox7bh foreign key (user_id) references users
2026-03-06T04:44:05.269+05:30 DEBUG 32332 --- [           main] org.hibernate.SQL                        : alter table if exists otp_tokens add constraint FKjyk2kyj8ul2bjqjpentlrpyi1 foreign key (user_id) references users
2026-03-06T04:44:05.273+05:30 DEBUG 32332 --- [           main] org.hibernate.SQL                        : alter table if exists password_analysis add constraint FKfxibg739ucjiulseoepaecq9k foreign key (vault_entry_id) references vault_entries
2026-03-06T04:44:05.275+05:30 DEBUG 32332 --- [           main] org.hibernate.SQL                        : alter table if exists recovery_codes add constraint FKnuml8362fhmkqoy35wvp5lti1 foreign key (user_id) references users
2026-03-06T04:44:05.280+05:30 DEBUG 32332 --- [           main] org.hibernate.SQL                        : alter table if exists secure_shares add constraint FKcamvx38m8d66t9n87ulqc0gx3 foreign key (owner_id) references users
2026-03-06T04:44:05.283+05:30 DEBUG 32332 --- [           main] org.hibernate.SQL                        : alter table if exists secure_shares add constraint FKcsbctocf0370c2l5v4lpcs9le foreign key (vault_entry_id) references vault_entries
2026-03-06T04:44:05.287+05:30 DEBUG 32332 --- [           main] org.hibernate.SQL                        : alter table if exists security_alerts add constraint FKb31ue7vcak5u8tpyn0pmp20u4 foreign key (user_id) references users
2026-03-06T04:44:05.290+05:30 DEBUG 32332 --- [           main] org.hibernate.SQL                        : alter table if exists security_metrics_history add constraint FKmwlsab0ywxk45cqg7t412f1lr foreign key (user_id) references users
2026-03-06T04:44:05.298+05:30 DEBUG 32332 --- [           main] org.hibernate.SQL                        : alter table if exists security_questions add constraint FKfih6wtvb2cpky0fixohhy1iv0 foreign key (user_id) references users
2026-03-06T04:44:05.302+05:30 DEBUG 32332 --- [           main] org.hibernate.SQL                        : alter table if exists two_factor_auth add constraint FKax3p7kk0ktwnpreejtt5661w foreign key (user_id) references users
2026-03-06T04:44:05.304+05:30 DEBUG 32332 --- [           main] org.hibernate.SQL                        : alter table if exists user_sessions add constraint FK8klxsgb8dcjjklmqebqp1twd5 foreign key (user_id) references users
2026-03-06T04:44:05.308+05:30 DEBUG 32332 --- [           main] org.hibernate.SQL                        : alter table if exists user_settings add constraint FK8v82nj88rmai0nyck19f873dw foreign key (user_id) references users
2026-03-06T04:44:05.315+05:30 DEBUG 32332 --- [           main] org.hibernate.SQL                        : alter table if exists vault_entries add constraint FKps87qrjkpnqxeyll270qlvd3i foreign key (category_id) references categories
2026-03-06T04:44:05.330+05:30 DEBUG 32332 --- [           main] org.hibernate.SQL                        : alter table if exists vault_entries add constraint FKslig830fhy21uubr5c6uqpp9c foreign key (folder_id) references folders
2026-03-06T04:44:05.336+05:30 DEBUG 32332 --- [           main] org.hibernate.SQL                        : alter table if exists vault_entries add constraint FKsu25e0hsskiahiqikbdh1xiww foreign key (user_id) references users
2026-03-06T04:44:05.345+05:30 DEBUG 32332 --- [           main] org.hibernate.SQL                        : alter table if exists vault_snapshots add constraint FK560wxoonbxinbfog1rulhud14 foreign key (vault_entry_id) references vault_entries
2026-03-06T04:44:05.351+05:30 DEBUG 32332 --- [           main] org.hibernate.SQL                        : ALTER TABLE rev_password_manager.audit_logs MODIFY COLUMN action VARCHAR(50) NOT NULL
2026-03-06T04:44:05.351+05:30  WARN 32332 --- [           main] o.h.t.s.i.ExceptionHandlerLoggedImpl     : GenerationTarget encountered exception accepting command : Error executing DDL "ALTER TABLE rev_password_manager.audit_logs MODIFY COLUMN action VARCHAR(50) NOT NULL" via JDBC [Schema "REV_PASSWORD_MANAGER" not found;]

org.hibernate.tool.schema.spi.CommandAcceptanceException: Error executing DDL "ALTER TABLE rev_password_manager.audit_logs MODIFY COLUMN action VARCHAR(50) NOT NULL" via JDBC [Schema "REV_PASSWORD_MANAGER" not found;]
	at org.hibernate.tool.schema.internal.exec.GenerationTargetToDatabase.accept(GenerationTargetToDatabase.java:94) ~[hibernate-core-6.4.4.Final.jar:6.4.4.Final]
	at org.hibernate.tool.schema.internal.Helper.applySqlString(Helper.java:233) ~[hibernate-core-6.4.4.Final.jar:6.4.4.Final]
	at org.hibernate.tool.schema.internal.Helper.applyScript(Helper.java:255) ~[hibernate-core-6.4.4.Final.jar:6.4.4.Final]
	at org.hibernate.tool.schema.internal.SchemaCreatorImpl.applyImportFiles(SchemaCreatorImpl.java:665) ~[hibernate-core-6.4.4.Final.jar:6.4.4.Final]
	at org.hibernate.tool.schema.internal.SchemaCreatorImpl.applyImportSources(SchemaCreatorImpl.java:584) ~[hibernate-core-6.4.4.Final.jar:6.4.4.Final]
	at org.hibernate.tool.schema.internal.SchemaCreatorImpl.performCreation(SchemaCreatorImpl.java:184) ~[hibernate-core-6.4.4.Final.jar:6.4.4.Final]
	at org.hibernate.tool.schema.internal.SchemaCreatorImpl.doCreation(SchemaCreatorImpl.java:142) ~[hibernate-core-6.4.4.Final.jar:6.4.4.Final]
	at org.hibernate.tool.schema.internal.SchemaCreatorImpl.doCreation(SchemaCreatorImpl.java:118) ~[hibernate-core-6.4.4.Final.jar:6.4.4.Final]
	at org.hibernate.tool.schema.spi.SchemaManagementToolCoordinator.performDatabaseAction(SchemaManagementToolCoordinator.java:256) ~[hibernate-core-6.4.4.Final.jar:6.4.4.Final]
	at org.hibernate.tool.schema.spi.SchemaManagementToolCoordinator.lambda$process$5(SchemaManagementToolCoordinator.java:145) ~[hibernate-core-6.4.4.Final.jar:6.4.4.Final]
	at java.base/java.util.HashMap.forEach(HashMap.java:1429) ~[na:na]
	at org.hibernate.tool.schema.spi.SchemaManagementToolCoordinator.process(SchemaManagementToolCoordinator.java:142) ~[hibernate-core-6.4.4.Final.jar:6.4.4.Final]
	at org.hibernate.boot.internal.SessionFactoryObserverForSchemaExport.sessionFactoryCreated(SessionFactoryObserverForSchemaExport.java:37) ~[hibernate-core-6.4.4.Final.jar:6.4.4.Final]
	at org.hibernate.internal.SessionFactoryObserverChain.sessionFactoryCreated(SessionFactoryObserverChain.java:35) ~[hibernate-core-6.4.4.Final.jar:6.4.4.Final]
	at org.hibernate.internal.SessionFactoryImpl.<init>(SessionFactoryImpl.java:315) ~[hibernate-core-6.4.4.Final.jar:6.4.4.Final]
	at org.hibernate.boot.internal.SessionFactoryBuilderImpl.build(SessionFactoryBuilderImpl.java:450) ~[hibernate-core-6.4.4.Final.jar:6.4.4.Final]
	at org.hibernate.jpa.boot.internal.EntityManagerFactoryBuilderImpl.build(EntityManagerFactoryBuilderImpl.java:1507) ~[hibernate-core-6.4.4.Final.jar:6.4.4.Final]
	at org.springframework.orm.jpa.vendor.SpringHibernateJpaPersistenceProvider.createContainerEntityManagerFactory(SpringHibernateJpaPersistenceProvider.java:75) ~[spring-orm-6.1.4.jar:6.1.4]
	at org.springframework.orm.jpa.LocalContainerEntityManagerFactoryBean.createNativeEntityManagerFactory(LocalContainerEntityManagerFactoryBean.java:388) ~[spring-orm-6.1.4.jar:6.1.4]
	at org.springframework.orm.jpa.AbstractEntityManagerFactoryBean.buildNativeEntityManagerFactory(AbstractEntityManagerFactoryBean.java:409) ~[spring-orm-6.1.4.jar:6.1.4]
	at org.springframework.orm.jpa.AbstractEntityManagerFactoryBean.afterPropertiesSet(AbstractEntityManagerFactoryBean.java:396) ~[spring-orm-6.1.4.jar:6.1.4]
	at org.springframework.orm.jpa.LocalContainerEntityManagerFactoryBean.afterPropertiesSet(LocalContainerEntityManagerFactoryBean.java:364) ~[spring-orm-6.1.4.jar:6.1.4]
	at org.springframework.beans.factory.support.AbstractAutowireCapableBeanFactory.invokeInitMethods(AbstractAutowireCapableBeanFactory.java:1833) ~[spring-beans-6.1.4.jar:6.1.4]
	at org.springframework.beans.factory.support.AbstractAutowireCapableBeanFactory.initializeBean(AbstractAutowireCapableBeanFactory.java:1782) ~[spring-beans-6.1.4.jar:6.1.4]
	at org.springframework.beans.factory.support.AbstractAutowireCapableBeanFactory.doCreateBean(AbstractAutowireCapableBeanFactory.java:600) ~[spring-beans-6.1.4.jar:6.1.4]
	at org.springframework.beans.factory.support.AbstractAutowireCapableBeanFactory.createBean(AbstractAutowireCapableBeanFactory.java:522) ~[spring-beans-6.1.4.jar:6.1.4]
	at org.springframework.beans.factory.support.AbstractBeanFactory.lambda$doGetBean$0(AbstractBeanFactory.java:325) ~[spring-beans-6.1.4.jar:6.1.4]
	at org.springframework.beans.factory.support.DefaultSingletonBeanRegistry.getSingleton(DefaultSingletonBeanRegistry.java:234) ~[spring-beans-6.1.4.jar:6.1.4]
	at org.springframework.beans.factory.support.AbstractBeanFactory.doGetBean(AbstractBeanFactory.java:323) ~[spring-beans-6.1.4.jar:6.1.4]
	at org.springframework.beans.factory.support.AbstractBeanFactory.getBean(AbstractBeanFactory.java:199) ~[spring-beans-6.1.4.jar:6.1.4]
	at org.springframework.context.support.AbstractApplicationContext.getBean(AbstractApplicationContext.java:1231) ~[spring-context-6.1.4.jar:6.1.4]
	at org.springframework.context.support.AbstractApplicationContext.finishBeanFactoryInitialization(AbstractApplicationContext.java:949) ~[spring-context-6.1.4.jar:6.1.4]
	at org.springframework.context.support.AbstractApplicationContext.refresh(AbstractApplicationContext.java:624) ~[spring-context-6.1.4.jar:6.1.4]
	at org.springframework.boot.SpringApplication.refresh(SpringApplication.java:754) ~[spring-boot-3.2.3.jar:3.2.3]
	at org.springframework.boot.SpringApplication.refreshContext(SpringApplication.java:456) ~[spring-boot-3.2.3.jar:3.2.3]
	at org.springframework.boot.SpringApplication.run(SpringApplication.java:334) ~[spring-boot-3.2.3.jar:3.2.3]
	at org.springframework.boot.test.context.SpringBootContextLoader.lambda$loadContext$3(SpringBootContextLoader.java:137) ~[spring-boot-test-3.2.3.jar:3.2.3]
	at org.springframework.util.function.ThrowingSupplier.get(ThrowingSupplier.java:58) ~[spring-core-6.1.4.jar:6.1.4]
	at org.springframework.util.function.ThrowingSupplier.get(ThrowingSupplier.java:46) ~[spring-core-6.1.4.jar:6.1.4]
	at org.springframework.boot.SpringApplication.withHook(SpringApplication.java:1454) ~[spring-boot-3.2.3.jar:3.2.3]
	at org.springframework.boot.test.context.SpringBootContextLoader$ContextLoaderHook.run(SpringBootContextLoader.java:553) ~[spring-boot-test-3.2.3.jar:3.2.3]
	at org.springframework.boot.test.context.SpringBootContextLoader.loadContext(SpringBootContextLoader.java:137) ~[spring-boot-test-3.2.3.jar:3.2.3]
	at org.springframework.boot.test.context.SpringBootContextLoader.loadContext(SpringBootContextLoader.java:108) ~[spring-boot-test-3.2.3.jar:3.2.3]
	at org.springframework.test.context.cache.DefaultCacheAwareContextLoaderDelegate.loadContextInternal(DefaultCacheAwareContextLoaderDelegate.java:225) ~[spring-test-6.1.4.jar:6.1.4]
	at org.springframework.test.context.cache.DefaultCacheAwareContextLoaderDelegate.loadContext(DefaultCacheAwareContextLoaderDelegate.java:152) ~[spring-test-6.1.4.jar:6.1.4]
	at org.springframework.test.context.support.DefaultTestContext.getApplicationContext(DefaultTestContext.java:130) ~[spring-test-6.1.4.jar:6.1.4]
	at org.springframework.test.context.web.ServletTestExecutionListener.setUpRequestContextIfNecessary(ServletTestExecutionListener.java:191) ~[spring-test-6.1.4.jar:6.1.4]
	at org.springframework.test.context.web.ServletTestExecutionListener.prepareTestInstance(ServletTestExecutionListener.java:130) ~[spring-test-6.1.4.jar:6.1.4]
	at org.springframework.test.context.TestContextManager.prepareTestInstance(TestContextManager.java:260) ~[spring-test-6.1.4.jar:6.1.4]
	at org.springframework.test.context.junit.jupiter.SpringExtension.postProcessTestInstance(SpringExtension.java:163) ~[spring-test-6.1.4.jar:6.1.4]
	at org.junit.jupiter.engine.descriptor.ClassBasedTestDescriptor.lambda$invokeTestInstancePostProcessors$10(ClassBasedTestDescriptor.java:378) ~[junit-jupiter-engine-5.10.2.jar:5.10.2]
	at org.junit.jupiter.engine.descriptor.ClassBasedTestDescriptor.executeAndMaskThrowable(ClassBasedTestDescriptor.java:383) ~[junit-jupiter-engine-5.10.2.jar:5.10.2]
	at org.junit.jupiter.engine.descriptor.ClassBasedTestDescriptor.lambda$invokeTestInstancePostProcessors$11(ClassBasedTestDescriptor.java:378) ~[junit-jupiter-engine-5.10.2.jar:5.10.2]
	at java.base/java.util.stream.ReferencePipeline$3$1.accept(ReferencePipeline.java:197) ~[na:na]
	at java.base/java.util.stream.ReferencePipeline$2$1.accept(ReferencePipeline.java:179) ~[na:na]
	at java.base/java.util.ArrayList$ArrayListSpliterator.forEachRemaining(ArrayList.java:1708) ~[na:na]
	at java.base/java.util.stream.AbstractPipeline.copyInto(AbstractPipeline.java:509) ~[na:na]
	at java.base/java.util.stream.AbstractPipeline.wrapAndCopyInto(AbstractPipeline.java:499) ~[na:na]
	at java.base/java.util.stream.StreamSpliterators$WrappingSpliterator.forEachRemaining(StreamSpliterators.java:310) ~[na:na]
	at java.base/java.util.stream.Streams$ConcatSpliterator.forEachRemaining(Streams.java:735) ~[na:na]
	at java.base/java.util.stream.Streams$ConcatSpliterator.forEachRemaining(Streams.java:734) ~[na:na]
	at java.base/java.util.stream.ReferencePipeline$Head.forEach(ReferencePipeline.java:762) ~[na:na]
	at org.junit.jupiter.engine.descriptor.ClassBasedTestDescriptor.invokeTestInstancePostProcessors(ClassBasedTestDescriptor.java:377) ~[junit-jupiter-engine-5.10.2.jar:5.10.2]
	at org.junit.jupiter.engine.descriptor.ClassBasedTestDescriptor.lambda$instantiateAndPostProcessTestInstance$6(ClassBasedTestDescriptor.java:290) ~[junit-jupiter-engine-5.10.2.jar:5.10.2]
	at org.junit.platform.engine.support.hierarchical.ThrowableCollector.execute(ThrowableCollector.java:73) ~[junit-platform-engine-1.10.2.jar:1.10.2]
	at org.junit.jupiter.engine.descriptor.ClassBasedTestDescriptor.instantiateAndPostProcessTestInstance(ClassBasedTestDescriptor.java:289) ~[junit-jupiter-engine-5.10.2.jar:5.10.2]
	at org.junit.jupiter.engine.descriptor.ClassBasedTestDescriptor.lambda$testInstancesProvider$4(ClassBasedTestDescriptor.java:279) ~[junit-jupiter-engine-5.10.2.jar:5.10.2]
	at java.base/java.util.Optional.orElseGet(Optional.java:364) ~[na:na]
	at org.junit.jupiter.engine.descriptor.ClassBasedTestDescriptor.lambda$testInstancesProvider$5(ClassBasedTestDescriptor.java:278) ~[junit-jupiter-engine-5.10.2.jar:5.10.2]
	at org.junit.jupiter.engine.execution.TestInstancesProvider.getTestInstances(TestInstancesProvider.java:31) ~[junit-jupiter-engine-5.10.2.jar:5.10.2]
	at org.junit.jupiter.engine.descriptor.TestMethodTestDescriptor.lambda$prepare$0(TestMethodTestDescriptor.java:106) ~[junit-jupiter-engine-5.10.2.jar:5.10.2]
	at org.junit.platform.engine.support.hierarchical.ThrowableCollector.execute(ThrowableCollector.java:73) ~[junit-platform-engine-1.10.2.jar:1.10.2]
	at org.junit.jupiter.engine.descriptor.TestMethodTestDescriptor.prepare(TestMethodTestDescriptor.java:105) ~[junit-jupiter-engine-5.10.2.jar:5.10.2]
	at org.junit.jupiter.engine.descriptor.TestMethodTestDescriptor.prepare(TestMethodTestDescriptor.java:69) ~[junit-jupiter-engine-5.10.2.jar:5.10.2]
	at org.junit.platform.engine.support.hierarchical.NodeTestTask.lambda$prepare$2(NodeTestTask.java:123) ~[junit-platform-engine-1.10.2.jar:1.10.2]
	at org.junit.platform.engine.support.hierarchical.ThrowableCollector.execute(ThrowableCollector.java:73) ~[junit-platform-engine-1.10.2.jar:1.10.2]
	at org.junit.platform.engine.support.hierarchical.NodeTestTask.prepare(NodeTestTask.java:123) ~[junit-platform-engine-1.10.2.jar:1.10.2]
	at org.junit.platform.engine.support.hierarchical.NodeTestTask.execute(NodeTestTask.java:90) ~[junit-platform-engine-1.10.2.jar:1.10.2]
	at java.base/java.util.ArrayList.forEach(ArrayList.java:1596) ~[na:na]
	at org.junit.platform.engine.support.hierarchical.SameThreadHierarchicalTestExecutorService.invokeAll(SameThreadHierarchicalTestExecutorService.java:41) ~[junit-platform-engine-1.10.2.jar:1.10.2]
	at org.junit.platform.engine.support.hierarchical.NodeTestTask.lambda$executeRecursively$6(NodeTestTask.java:155) ~[junit-platform-engine-1.10.2.jar:1.10.2]
	at org.junit.platform.engine.support.hierarchical.ThrowableCollector.execute(ThrowableCollector.java:73) ~[junit-platform-engine-1.10.2.jar:1.10.2]
	at org.junit.platform.engine.support.hierarchical.NodeTestTask.lambda$executeRecursively$8(NodeTestTask.java:141) ~[junit-platform-engine-1.10.2.jar:1.10.2]
	at org.junit.platform.engine.support.hierarchical.Node.around(Node.java:137) ~[junit-platform-engine-1.10.2.jar:1.10.2]
	at org.junit.platform.engine.support.hierarchical.NodeTestTask.lambda$executeRecursively$9(NodeTestTask.java:139) ~[junit-platform-engine-1.10.2.jar:1.10.2]
	at org.junit.platform.engine.support.hierarchical.ThrowableCollector.execute(ThrowableCollector.java:73) ~[junit-platform-engine-1.10.2.jar:1.10.2]
	at org.junit.platform.engine.support.hierarchical.NodeTestTask.executeRecursively(NodeTestTask.java:138) ~[junit-platform-engine-1.10.2.jar:1.10.2]
	at org.junit.platform.engine.support.hierarchical.NodeTestTask.execute(NodeTestTask.java:95) ~[junit-platform-engine-1.10.2.jar:1.10.2]
	at java.base/java.util.ArrayList.forEach(ArrayList.java:1596) ~[na:na]
	at org.junit.platform.engine.support.hierarchical.SameThreadHierarchicalTestExecutorService.invokeAll(SameThreadHierarchicalTestExecutorService.java:41) ~[junit-platform-engine-1.10.2.jar:1.10.2]
	at org.junit.platform.engine.support.hierarchical.NodeTestTask.lambda$executeRecursively$6(NodeTestTask.java:155) ~[junit-platform-engine-1.10.2.jar:1.10.2]
	at org.junit.platform.engine.support.hierarchical.ThrowableCollector.execute(ThrowableCollector.java:73) ~[junit-platform-engine-1.10.2.jar:1.10.2]
	at org.junit.platform.engine.support.hierarchical.NodeTestTask.lambda$executeRecursively$8(NodeTestTask.java:141) ~[junit-platform-engine-1.10.2.jar:1.10.2]
	at org.junit.platform.engine.support.hierarchical.Node.around(Node.java:137) ~[junit-platform-engine-1.10.2.jar:1.10.2]
	at org.junit.platform.engine.support.hierarchical.NodeTestTask.lambda$executeRecursively$9(NodeTestTask.java:139) ~[junit-platform-engine-1.10.2.jar:1.10.2]
	at org.junit.platform.engine.support.hierarchical.ThrowableCollector.execute(ThrowableCollector.java:73) ~[junit-platform-engine-1.10.2.jar:1.10.2]
	at org.junit.platform.engine.support.hierarchical.NodeTestTask.executeRecursively(NodeTestTask.java:138) ~[junit-platform-engine-1.10.2.jar:1.10.2]
	at org.junit.platform.engine.support.hierarchical.NodeTestTask.execute(NodeTestTask.java:95) ~[junit-platform-engine-1.10.2.jar:1.10.2]
	at org.junit.platform.engine.support.hierarchical.SameThreadHierarchicalTestExecutorService.submit(SameThreadHierarchicalTestExecutorService.java:35) ~[junit-platform-engine-1.10.2.jar:1.10.2]
	at org.junit.platform.engine.support.hierarchical.HierarchicalTestExecutor.execute(HierarchicalTestExecutor.java:57) ~[junit-platform-engine-1.10.2.jar:1.10.2]
	at org.junit.platform.engine.support.hierarchical.HierarchicalTestEngine.execute(HierarchicalTestEngine.java:54) ~[junit-platform-engine-1.10.2.jar:1.10.2]
	at org.junit.platform.launcher.core.EngineExecutionOrchestrator.execute(EngineExecutionOrchestrator.java:198) ~[junit-platform-launcher-1.10.2.jar:1.10.2]
	at org.junit.platform.launcher.core.EngineExecutionOrchestrator.execute(EngineExecutionOrchestrator.java:169) ~[junit-platform-launcher-1.10.2.jar:1.10.2]
	at org.junit.platform.launcher.core.EngineExecutionOrchestrator.execute(EngineExecutionOrchestrator.java:93) ~[junit-platform-launcher-1.10.2.jar:1.10.2]
	at org.junit.platform.launcher.core.EngineExecutionOrchestrator.lambda$execute$0(EngineExecutionOrchestrator.java:58) ~[junit-platform-launcher-1.10.2.jar:1.10.2]
	at org.junit.platform.launcher.core.EngineExecutionOrchestrator.withInterceptedStreams(EngineExecutionOrchestrator.java:141) ~[junit-platform-launcher-1.10.2.jar:1.10.2]
	at org.junit.platform.launcher.core.EngineExecutionOrchestrator.execute(EngineExecutionOrchestrator.java:57) ~[junit-platform-launcher-1.10.2.jar:1.10.2]
	at org.junit.platform.launcher.core.DefaultLauncher.execute(DefaultLauncher.java:103) ~[junit-platform-launcher-1.10.2.jar:1.10.2]
	at org.junit.platform.launcher.core.DefaultLauncher.execute(DefaultLauncher.java:85) ~[junit-platform-launcher-1.10.2.jar:1.10.2]
	at org.junit.platform.launcher.core.DelegatingLauncher.execute(DelegatingLauncher.java:47) ~[junit-platform-launcher-1.10.2.jar:1.10.2]
	at org.apache.maven.surefire.junitplatform.LazyLauncher.execute(LazyLauncher.java:56) ~[surefire-junit-platform-3.1.2.jar:3.1.2]
	at org.apache.maven.surefire.junitplatform.JUnitPlatformProvider.execute(JUnitPlatformProvider.java:184) ~[surefire-junit-platform-3.1.2.jar:3.1.2]
	at org.apache.maven.surefire.junitplatform.JUnitPlatformProvider.invokeAllTests(JUnitPlatformProvider.java:148) ~[surefire-junit-platform-3.1.2.jar:3.1.2]
	at org.apache.maven.surefire.junitplatform.JUnitPlatformProvider.invoke(JUnitPlatformProvider.java:122) ~[surefire-junit-platform-3.1.2.jar:3.1.2]
	at org.apache.maven.surefire.booter.ForkedBooter.runSuitesInProcess(ForkedBooter.java:385) ~[surefire-booter-3.1.2.jar:3.1.2]
	at org.apache.maven.surefire.booter.ForkedBooter.execute(ForkedBooter.java:162) ~[surefire-booter-3.1.2.jar:3.1.2]
	at org.apache.maven.surefire.booter.ForkedBooter.run(ForkedBooter.java:507) ~[surefire-booter-3.1.2.jar:3.1.2]
	at org.apache.maven.surefire.booter.ForkedBooter.main(ForkedBooter.java:495) ~[surefire-booter-3.1.2.jar:3.1.2]
Caused by: org.h2.jdbc.JdbcSQLSyntaxErrorException: Schema "REV_PASSWORD_MANAGER" not found; SQL statement:
ALTER TABLE rev_password_manager.audit_logs MODIFY COLUMN action VARCHAR(50) NOT NULL [90079-224]
	at org.h2.message.DbException.getJdbcSQLException(DbException.java:644) ~[h2-2.2.224.jar:2.2.224]
	at org.h2.message.DbException.getJdbcSQLException(DbException.java:489) ~[h2-2.2.224.jar:2.2.224]
	at org.h2.message.DbException.get(DbException.java:223) ~[h2-2.2.224.jar:2.2.224]
	at org.h2.message.DbException.get(DbException.java:199) ~[h2-2.2.224.jar:2.2.224]
	at org.h2.command.Parser.getSchema(Parser.java:944) ~[h2-2.2.224.jar:2.2.224]
	at org.h2.command.Parser.getSchema(Parser.java:950) ~[h2-2.2.224.jar:2.2.224]
	at org.h2.command.Parser.parseAlterTable(Parser.java:8143) ~[h2-2.2.224.jar:2.2.224]
	at org.h2.command.Parser.parseAlter(Parser.java:7211) ~[h2-2.2.224.jar:2.2.224]
	at org.h2.command.Parser.parsePrepared(Parser.java:650) ~[h2-2.2.224.jar:2.2.224]
	at org.h2.command.Parser.parse(Parser.java:592) ~[h2-2.2.224.jar:2.2.224]
	at org.h2.command.Parser.parse(Parser.java:564) ~[h2-2.2.224.jar:2.2.224]
	at org.h2.command.Parser.prepareCommand(Parser.java:483) ~[h2-2.2.224.jar:2.2.224]
	at org.h2.engine.SessionLocal.prepareLocal(SessionLocal.java:639) ~[h2-2.2.224.jar:2.2.224]
	at org.h2.engine.SessionLocal.prepareCommand(SessionLocal.java:559) ~[h2-2.2.224.jar:2.2.224]
	at org.h2.jdbc.JdbcConnection.prepareCommand(JdbcConnection.java:1166) ~[h2-2.2.224.jar:2.2.224]
	at org.h2.jdbc.JdbcStatement.executeInternal(JdbcStatement.java:245) ~[h2-2.2.224.jar:2.2.224]
	at org.h2.jdbc.JdbcStatement.execute(JdbcStatement.java:231) ~[h2-2.2.224.jar:2.2.224]
	at org.hibernate.tool.schema.internal.exec.GenerationTargetToDatabase.accept(GenerationTargetToDatabase.java:80) ~[hibernate-core-6.4.4.Final.jar:6.4.4.Final]
	... 117 common frames omitted

2026-03-06T04:44:05.358+05:30  INFO 32332 --- [           main] j.LocalContainerEntityManagerFactoryBean : Initialized JPA EntityManagerFactory for persistence unit 'default'
2026-03-06T04:44:07.501+05:30  WARN 32332 --- [           main] JpaBaseConfiguration$JpaWebConfiguration : spring.jpa.open-in-view is enabled by default. Therefore, database queries may be performed during view rendering. Explicitly configure spring.jpa.open-in-view to disable this warning
2026-03-06T04:44:08.095+05:30  INFO 32332 --- [           main] o.s.b.a.e.web.EndpointLinksResolver      : Exposing 1 endpoint(s) beneath base path '/actuator'
2026-03-06T04:44:08.157+05:30  INFO 32332 --- [           main] o.s.s.web.DefaultSecurityFilterChain     : Will secure any request with [org.springframework.security.web.session.DisableEncodeUrlFilter@1bcf4d28, org.springframework.security.web.context.request.async.WebAsyncManagerIntegrationFilter@3759d6b5, org.springframework.security.web.context.SecurityContextHolderFilter@3ac8a59f, org.springframework.security.web.header.HeaderWriterFilter@219be00c, org.springframework.web.filter.CorsFilter@6de46a69, org.springframework.security.web.authentication.logout.LogoutFilter@3a674e07, com.revature.passwordmanager.security.RateLimitFilter@fb37bc5, com.revature.passwordmanager.security.JwtAuthenticationFilter@4a341849, org.springframework.security.web.savedrequest.RequestCacheAwareFilter@75b45531, org.springframework.security.web.servletapi.SecurityContextHolderAwareRequestFilter@5c430e3f, org.springframework.security.web.authentication.AnonymousAuthenticationFilter@534fca49, org.springframework.security.web.session.SessionManagementFilter@37c87da4, org.springframework.security.web.access.ExceptionTranslationFilter@74c62013, org.springframework.security.web.access.intercept.AuthorizationFilter@4c2c12c6]
2026-03-06T04:44:08.826+05:30  INFO 32332 --- [           main] c.r.p.SecurityQuestionIntegrationTest    : Started SecurityQuestionIntegrationTest in 6.081 seconds (process running for 94.903)
2026-03-06T04:44:08.924+05:30 DEBUG 32332 --- [           main] org.hibernate.SQL                        : insert into users (created_at,deletion_requested_at,deletion_scheduled_at,duress_password_hash,email,email_verified,failed_login_attempts,is_2fa_enabled,locked_until,lockout_count,master_password_hash,name,password_hint,phone_number,salt,updated_at,username,id) values (?,?,?,?,?,?,?,?,?,?,?,?,?,?,?,?,?,default)
2026-03-06T04:44:09.036+05:30 DEBUG 32332 --- [           main] org.hibernate.SQL                        : delete from security_questions where user_id=?
2026-03-06T04:44:09.409+05:30 DEBUG 32332 --- [           main] org.hibernate.SQL                        : insert into security_questions (answer_hash,question_text,user_id,id) values (?,?,?,default)
2026-03-06T04:44:09.412+05:30 DEBUG 32332 --- [           main] org.hibernate.SQL                        : insert into security_questions (answer_hash,question_text,user_id,id) values (?,?,?,default)
2026-03-06T04:44:09.413+05:30 DEBUG 32332 --- [           main] org.hibernate.SQL                        : insert into security_questions (answer_hash,question_text,user_id,id) values (?,?,?,default)
2026-03-06T04:44:09.425+05:30 DEBUG 32332 --- [           main] org.hibernate.SQL                        : select sq1_0.id,sq1_0.answer_hash,sq1_0.question_text,sq1_0.user_id from security_questions sq1_0 where sq1_0.user_id=?
2026-03-06T04:44:09.442+05:30 DEBUG 32332 --- [           main] org.hibernate.SQL                        : select u1_0.id,u1_0.created_at,u1_0.deletion_requested_at,u1_0.deletion_scheduled_at,u1_0.duress_password_hash,u1_0.email,u1_0.email_verified,u1_0.failed_login_attempts,u1_0.is_2fa_enabled,u1_0.locked_until,u1_0.lockout_count,u1_0.master_password_hash,u1_0.name,u1_0.password_hint,u1_0.phone_number,u1_0.salt,u1_0.updated_at,u1_0.username from users u1_0 where u1_0.username=?
2026-03-06T04:44:09.451+05:30 DEBUG 32332 --- [           main] org.hibernate.SQL                        : select sq1_0.id,sq1_0.answer_hash,sq1_0.question_text,sq1_0.user_id from security_questions sq1_0 where sq1_0.user_id=?
]]></system-out>
  </testcase>
</testsuite>